# JRE version: Java(TM) SE Runtime Environment (21.0.5+9) (build 21.0.5+9-LTS-239)
# Java VM: Java HotSpot(TM) 64-Bit Server VM (21.0.5+9-LTS-239, mixed mode, sharing, tiered, compressed oops, compressed class ptrs, g1 gc, windows-amd64)
GC Precious Log:
 CardTable entry size: 512
 Card Set container configuration: InlinePtr #cards 5 size 8 Array Of Cards #cards 12 size 40 Howl #buckets 4 coarsen threshold 1843 Howl Bitmap #cards 512 size 80 coarsen threshold 460 Card regions per heap region 1 cards per card region 2048
 CPUs: 4 total, 4 available
 Memory: 7879M
 Large Page Support: Disabled
 NUMA Support: Disabled
 Compressed Oops: Enabled (32-bit)
 Heap Region Size: 1M
 Heap Min Capacity: 8M
 Heap Initial Capacity: 124M
 Heap Max Capacity: 1970M
 Pre-touch: Disabled
 Parallel Workers: 4
 Concurrent Workers: 1
 Concurrent Refinement Workers: 4
 Periodic GC: Disabled
Heap:
 garbage-first heap   total 219136K, used 101256K [0x0000000084e00000, 0x0000000100000000)
  region size 1024K, 26 young (26624K), 3 survivors (3072K)
 Metaspace       used 64216K, committed 64960K, reserved 1114112K
  class space    used 7124K, committed 7488K, reserved 1048576K
GC Heap History (20 events):
Event: 4.876 GC heap before
{Heap before GC invocations=8 (full 0):
 garbage-first heap   total 102400K, used 82944K [0x0000000084e00000, 0x0000000100000000)
  region size 1024K, 54 young (55296K), 2 survivors (2048K)
 Metaspace       used 39346K, committed 40064K, reserved 1114112K
  class space    used 4852K, committed 5184K, reserved 1048576K
}
Event: 4.888 GC heap after
{Heap after GC invocations=9 (full 0):
 garbage-first heap   total 102400K, used 34816K [0x0000000084e00000, 0x0000000100000000)
  region size 1024K, 7 young (7168K), 7 survivors (7168K)
 Metaspace       used 39346K, committed 40064K, reserved 1114112K
  class space    used 4852K, committed 5184K, reserved 1048576K
}
Event: 5.998 GC heap before
{Heap before GC invocations=9 (full 0):
 garbage-first heap   total 102400K, used 80896K [0x0000000084e00000, 0x0000000100000000)
  region size 1024K, 52 young (53248K), 7 survivors (7168K)
 Metaspace       used 43829K, committed 44608K, reserved 1114112K
  class space    used 5257K, committed 5632K, reserved 1048576K
}
Event: 6.020 GC heap after
{Heap after GC invocations=10 (full 0):
 garbage-first heap   total 102400K, used 41984K [0x0000000084e00000, 0x0000000100000000)
  region size 1024K, 7 young (7168K), 7 survivors (7168K)
 Metaspace       used 43829K, committed 44608K, reserved 1114112K
  class space    used 5257K, committed 5632K, reserved 1048576K
}
Event: 7.310 GC heap before
{Heap before GC invocations=10 (full 0):
 garbage-first heap   total 102400K, used 82944K [0x0000000084e00000, 0x0000000100000000)
  region size 1024K, 47 young (48128K), 7 survivors (7168K)
 Metaspace       used 45124K, committed 45888K, reserved 1114112K
  class space    used 5352K, committed 5696K, reserved 1048576K
}
Event: 7.329 GC heap after
{Heap after GC invocations=11 (full 0):
 garbage-first heap   total 102400K, used 49152K [0x0000000084e00000, 0x0000000100000000)
  region size 1024K, 6 young (6144K), 6 survivors (6144K)
 Metaspace       used 45124K, committed 45888K, reserved 1114112K
  class space    used 5352K, committed 5696K, reserved 1048576K
}
Event: 8.334 GC heap before
{Heap before GC invocations=11 (full 0):
 garbage-first heap   total 102400K, used 86016K [0x0000000084e00000, 0x0000000100000000)
  region size 1024K, 42 young (43008K), 6 survivors (6144K)
 Metaspace       used 47091K, committed 47808K, reserved 1114112K
  class space    used 5485K, committed 5824K, reserved 1048576K
}
Event: 8.352 GC heap after
{Heap after GC invocations=12 (full 0):
 garbage-first heap   total 102400K, used 55296K [0x0000000084e00000, 0x0000000100000000)
  region size 1024K, 6 young (6144K), 6 survivors (6144K)
 Metaspace       used 47091K, committed 47808K, reserved 1114112K
  class space    used 5485K, committed 5824K, reserved 1048576K
}
Event: 9.161 GC heap before
{Heap before GC invocations=12 (full 0):
 garbage-first heap   total 102400K, used 87040K [0x0000000084e00000, 0x0000000100000000)
  region size 1024K, 37 young (37888K), 6 survivors (6144K)
 Metaspace       used 50407K, committed 51200K, reserved 1114112K
  class space    used 5862K, committed 6208K, reserved 1048576K
}
Event: 9.229 GC heap after
{Heap after GC invocations=13 (full 0):
 garbage-first heap   total 122880K, used 60416K [0x0000000084e00000, 0x0000000100000000)
  region size 1024K, 5 young (5120K), 5 survivors (5120K)
 Metaspace       used 50407K, committed 51200K, reserved 1114112K
  class space    used 5862K, committed 6208K, reserved 1048576K
}
Event: 10.794 GC heap before
{Heap before GC invocations=14 (full 0):
 garbage-first heap   total 122880K, used 103424K [0x0000000084e00000, 0x0000000100000000)
  region size 1024K, 47 young (48128K), 5 survivors (5120K)
 Metaspace       used 55566K, committed 56384K, reserved 1114112K
  class space    used 6353K, committed 6720K, reserved 1048576K
}
Event: 10.813 GC heap after
{Heap after GC invocations=15 (full 0):
 garbage-first heap   total 122880K, used 67066K [0x0000000084e00000, 0x0000000100000000)
  region size 1024K, 6 young (6144K), 6 survivors (6144K)
 Metaspace       used 55566K, committed 56384K, reserved 1114112K
  class space    used 6353K, committed 6720K, reserved 1048576K
}
Event: 11.804 GC heap before
{Heap before GC invocations=15 (full 0):
 garbage-first heap   total 122880K, used 105978K [0x0000000084e00000, 0x0000000100000000)
  region size 1024K, 44 young (45056K), 6 survivors (6144K)
 Metaspace       used 59498K, committed 60288K, reserved 1114112K
  class space    used 6684K, committed 7040K, reserved 1048576K
}
Event: 11.825 GC heap after
{Heap after GC invocations=16 (full 0):
 garbage-first heap   total 122880K, used 72192K [0x0000000084e00000, 0x0000000100000000)
  region size 1024K, 6 young (6144K), 6 survivors (6144K)
 Metaspace       used 59498K, committed 60288K, reserved 1114112K
  class space    used 6684K, committed 7040K, reserved 1048576K
}
Event: 12.839 GC heap before
{Heap before GC invocations=16 (full 0):
 garbage-first heap   total 122880K, used 107008K [0x0000000084e00000, 0x0000000100000000)
  region size 1024K, 40 young (40960K), 6 survivors (6144K)
 Metaspace       used 63089K, committed 63872K, reserved 1114112K
  class space    used 7048K, committed 7424K, reserved 1048576K
}
Event: 12.854 GC heap after
{Heap after GC invocations=17 (full 0):
 garbage-first heap   total 122880K, used 76800K [0x0000000084e00000, 0x0000000100000000)
  region size 1024K, 5 young (5120K), 5 survivors (5120K)
 Metaspace       used 63089K, committed 63872K, reserved 1114112K
  class space    used 7048K, committed 7424K, reserved 1048576K
}
Event: 13.581 GC heap before
{Heap before GC invocations=18 (full 0):
 garbage-first heap   total 133120K, used 108544K [0x0000000084e00000, 0x0000000100000000)
  region size 1024K, 36 young (36864K), 5 survivors (5120K)
 Metaspace       used 64085K, committed 64832K, reserved 1114112K
  class space    used 7123K, committed 7488K, reserved 1048576K
}
Event: 13.587 GC heap after
{Heap after GC invocations=19 (full 0):
 garbage-first heap   total 133120K, used 78467K [0x0000000084e00000, 0x0000000100000000)
  region size 1024K, 2 young (2048K), 2 survivors (2048K)
 Metaspace       used 64085K, committed 64832K, reserved 1114112K
  class space    used 7123K, committed 7488K, reserved 1048576K
}
Event: 13.749 GC heap before
{Heap before GC invocations=19 (full 0):
 garbage-first heap   total 133120K, used 118403K [0x0000000084e00000, 0x0000000100000000)
  region size 1024K, 41 young (41984K), 2 survivors (2048K)
 Metaspace       used 64120K, committed 64896K, reserved 1114112K
  class space    used 7123K, committed 7488K, reserved 1048576K
}
Event: 13.809 GC heap after
{Heap after GC invocations=20 (full 0):
 garbage-first heap   total 219136K, used 78728K [0x0000000084e00000, 0x0000000100000000)
  region size 1024K, 3 young (3072K), 3 survivors (3072K)
 Metaspace       used 64120K, committed 64896K, reserved 1114112K
  class space    used 7123K, committed 7488K, reserved 1048576K
}

